2016-12-04 16:05:26,165 [Worker-1] INFO  c.g.t.t.d.PublishedGradleVersions - Gradle version information cache is out-of-date. Trying to update.
2016-12-05 02:18:40,274 [Worker-1] INFO  c.g.t.t.d.PublishedGradleVersions - Gradle version information cache is up-to-date. Trying to read.
2016-12-05 02:35:18,629 [Worker-0] INFO  c.g.t.t.d.PublishedGradleVersions - Gradle version information cache is up-to-date. Trying to read.
2016-12-18 14:43:50,714 [Worker-1] INFO  c.g.t.t.d.PublishedGradleVersions - Gradle version information cache is out-of-date. Trying to update.
2016-12-18 16:49:23,058 [Worker-1] INFO  c.g.t.t.d.PublishedGradleVersions - Gradle version information cache is up-to-date. Trying to read.
2016-12-19 21:24:30,624 [Worker-2] INFO  c.g.t.t.d.PublishedGradleVersions - Gradle version information cache is out-of-date. Trying to update.
2016-12-23 15:05:06,334 [Worker-0] INFO  c.g.t.t.d.PublishedGradleVersions - Gradle version information cache is out-of-date. Trying to update.
2016-12-23 21:57:24,374 [Start Help Server] INFO  org.eclipse.jetty.util.log - Logging initialized @24770967ms
2016-12-23 21:57:24,512 [Start Help Server] INFO  org.eclipse.jetty.server.Server - jetty-9.3.9.v20160517
2016-12-23 21:57:24,564 [Start Help Server] INFO  o.e.j.server.handler.ContextHandler - Started o.e.j.s.ServletContextHandler@1d21128a{/help,null,AVAILABLE}
2016-12-23 21:57:24,582 [Start Help Server] INFO  o.e.jetty.server.AbstractConnector - Started ServerConnector@23025999{HTTP/1.1,[http/1.1]}{127.0.0.1:59458}
2016-12-23 21:57:24,582 [Start Help Server] INFO  org.eclipse.jetty.server.Server - Started @24771176ms
2016-12-23 23:45:30,111 [Stop Help Server] INFO  o.e.jetty.server.AbstractConnector - Stopped ServerConnector@23025999{HTTP/1.1,[http/1.1]}{127.0.0.1:0}
2016-12-23 23:45:30,125 [Stop Help Server] INFO  o.e.j.server.handler.ContextHandler - Stopped o.e.j.s.ServletContextHandler@1d21128a{/help,null,UNAVAILABLE}
2016-12-24 13:49:16,276 [Worker-0] INFO  c.g.t.t.d.PublishedGradleVersions - Gradle version information cache is up-to-date. Trying to read.
2016-12-24 15:51:25,329 [Worker-0] INFO  c.g.t.t.d.PublishedGradleVersions - Gradle version information cache is out-of-date. Trying to update.
2016-12-25 12:20:30,178 [Worker-0] INFO  c.g.t.t.d.PublishedGradleVersions - Gradle version information cache is up-to-date. Trying to read.
2016-12-25 12:50:14,433 [Worker-0] INFO  c.g.t.t.d.PublishedGradleVersions - Gradle version information cache is up-to-date. Trying to read.
2016-12-25 17:40:10,951 [Worker-0] INFO  c.g.t.t.d.PublishedGradleVersions - Gradle version information cache is out-of-date. Trying to update.
2016-12-25 21:02:42,347 [Worker-2] INFO  c.g.t.t.d.PublishedGradleVersions - Gradle version information cache is up-to-date. Trying to read.
